<?xml version="1.0" encoding="UTF-8"?>
<!-- Generated by org.testng.reporters.JUnitReportReporter -->
<testsuite skipped="0" hostname="Saurabh" name="test.TestCases" tests="1" failures="0" timestamp="29 Dec 2019 19:32:46 GMT" time="14.333" errors="0">
  <testcase name="login" time="14.333" classname="test.TestCases"/>
</testsuite> <!-- test.TestCases -->
