<?xml version="1.0" encoding="UTF-8"?>
<!-- Generated by org.testng.reporters.JUnitReportReporter -->
<testsuite skipped="0" hostname="Saurabh" name="test.TC_Publiccontracts" tests="1" failures="0" timestamp="31 Dec 2019 08:05:12 GMT" time="158.245" errors="0">
  <testcase name="createE2E" time="158.245" classname="test.TC_Publiccontracts"/>
</testsuite> <!-- test.TC_Publiccontracts -->
