<?xml version="1.0" encoding="UTF-8"?>
<!-- Generated by org.testng.reporters.JUnitReportReporter -->
<testsuite skipped="0" hostname="Saurabh" name="test.TC_Publiccontracts" tests="1" failures="0" timestamp="31 Dec 2019 07:35:55 GMT" time="150.408" errors="0">
  <testcase name="createE2E" time="150.408" classname="test.TC_Publiccontracts"/>
</testsuite> <!-- test.TC_Publiccontracts -->
